0 info it worked if it ends with ok
1 verbose cli [ '/usr/local/bin/node',
1 verbose cli   '/usr/local/bin/npm',
1 verbose cli   'install',
1 verbose cli   'homebrew' ]
2 info using npm@3.7.3
3 info using node@v4.3.1
4 silly loadCurrentTree Starting
5 silly install loadCurrentTree
6 silly install readLocalPackageData
7 silly fetchPackageMetaData homebrew
8 silly fetchNamedPackageData homebrew
9 silly mapToRegistry name homebrew
10 silly mapToRegistry using default registry
11 silly mapToRegistry registry https://registry.npmjs.org/
12 silly mapToRegistry uri https://registry.npmjs.org/homebrew
13 verbose request uri https://registry.npmjs.org/homebrew
14 verbose request no auth needed
15 info attempt registry request try #1 at 10:23:01 PM
16 verbose request id d3d4803a5ea6ae86
17 http request GET https://registry.npmjs.org/homebrew
18 http 200 https://registry.npmjs.org/homebrew
19 verbose headers { server: 'CouchDB/1.5.0 (Erlang OTP/R16B03)',
19 verbose headers   etag: '"ARZPZ5S1AXJ9T8R2LS1B3G8JG"',
19 verbose headers   'content-type': 'application/json',
19 verbose headers   'cache-control': 'max-age=300',
19 verbose headers   'content-length': '4070',
19 verbose headers   'accept-ranges': 'bytes',
19 verbose headers   date: 'Sat, 20 Feb 2016 04:23:02 GMT',
19 verbose headers   via: '1.1 varnish',
19 verbose headers   age: '0',
19 verbose headers   connection: 'keep-alive',
19 verbose headers   'x-served-by': 'cache-ord1724-ORD',
19 verbose headers   'x-cache': 'MISS',
19 verbose headers   'x-cache-hits': '0',
19 verbose headers   'x-timer': 'S1455942181.955165,VS0,VE337',
19 verbose headers   vary: 'Accept' }
20 silly get cb [ 200,
20 silly get   { server: 'CouchDB/1.5.0 (Erlang OTP/R16B03)',
20 silly get     etag: '"ARZPZ5S1AXJ9T8R2LS1B3G8JG"',
20 silly get     'content-type': 'application/json',
20 silly get     'cache-control': 'max-age=300',
20 silly get     'content-length': '4070',
20 silly get     'accept-ranges': 'bytes',
20 silly get     date: 'Sat, 20 Feb 2016 04:23:02 GMT',
20 silly get     via: '1.1 varnish',
20 silly get     age: '0',
20 silly get     connection: 'keep-alive',
20 silly get     'x-served-by': 'cache-ord1724-ORD',
20 silly get     'x-cache': 'MISS',
20 silly get     'x-cache-hits': '0',
20 silly get     'x-timer': 'S1455942181.955165,VS0,VE337',
20 silly get     vary: 'Accept' } ]
21 verbose get saving homebrew to /Users/apple/.npm/registry.npmjs.org/homebrew/.cache.json
22 verbose correctMkdir /Users/apple/.npm correctMkdir not in flight; initializing
23 silly install normalizeTree
24 silly loadCurrentTree Finishing
25 silly loadIdealTree Starting
26 silly install loadIdealTree
27 silly cloneCurrentTree Starting
28 silly install cloneCurrentTreeToIdealTree
29 silly cloneCurrentTree Finishing
30 silly loadShrinkwrap Starting
31 silly install loadShrinkwrap
32 silly loadShrinkwrap Finishing
33 silly loadAllDepsIntoIdealTree Starting
34 silly install loadAllDepsIntoIdealTree
35 silly resolveWithNewModule homebrew@0.1.0 checking installable status
36 silly cache add args [ 'homebrew', null ]
37 verbose cache add spec homebrew
38 silly cache add parsed spec Result {
38 silly cache add   raw: 'homebrew',
38 silly cache add   scope: null,
38 silly cache add   name: 'homebrew',
38 silly cache add   rawSpec: '',
38 silly cache add   spec: 'latest',
38 silly cache add   type: 'tag' }
39 silly addNamed homebrew@latest
40 verbose addNamed "latest" is being treated as a dist-tag for homebrew
41 info addNameTag [ 'homebrew', 'latest' ]
42 silly mapToRegistry name homebrew
43 silly mapToRegistry using default registry
44 silly mapToRegistry registry https://registry.npmjs.org/
45 silly mapToRegistry uri https://registry.npmjs.org/homebrew
46 verbose addNameTag registry:https://registry.npmjs.org/homebrew not in flight; fetching
47 verbose get https://registry.npmjs.org/homebrew not expired, no request
48 silly addNameTag next cb for homebrew with tag latest
49 silly addNamed homebrew@0.1.0
50 verbose addNamed "0.1.0" is a plain semver version for homebrew
51 silly mapToRegistry name homebrew
52 silly mapToRegistry using default registry
53 silly mapToRegistry registry https://registry.npmjs.org/
54 silly mapToRegistry uri https://registry.npmjs.org/homebrew
55 verbose addRemoteTarball https://registry.npmjs.org/homebrew/-/homebrew-0.1.0.tgz not in flight; adding
56 verbose addRemoteTarball [ 'https://registry.npmjs.org/homebrew/-/homebrew-0.1.0.tgz',
56 verbose addRemoteTarball   'cf898055ed935acf00da696a9078877f27c4ad57' ]
57 info retry fetch attempt 1 at 10:23:02 PM
58 info attempt registry request try #1 at 10:23:02 PM
59 http fetch GET https://registry.npmjs.org/homebrew/-/homebrew-0.1.0.tgz
60 http fetch 200 https://registry.npmjs.org/homebrew/-/homebrew-0.1.0.tgz
61 silly fetchAndShaCheck shasum cf898055ed935acf00da696a9078877f27c4ad57
62 verbose addTmpTarball /var/folders/j3/zd9hnf7j2q353ffrh00gxstc0000gp/T/npm-1232-7392bad6/registry.npmjs.org/homebrew/-/homebrew-0.1.0.tgz not in flight; adding
63 verbose addTmpTarball already have metadata; skipping unpack for homebrew@0.1.0
64 verbose correctMkdir /Users/apple/.npm correctMkdir not in flight; initializing
65 silly cache afterAdd homebrew@0.1.0
66 verbose afterAdd /Users/apple/.npm/homebrew/0.1.0/package/package.json not in flight; writing
67 verbose correctMkdir /Users/apple/.npm correctMkdir not in flight; initializing
68 verbose afterAdd /Users/apple/.npm/homebrew/0.1.0/package/package.json written
69 silly loadAllDepsIntoIdealTree Finishing
70 silly idealTree:prePrune mapsam.github.io
70 silly idealTree:prePrune └── homebrew@0.1.0
71 silly loadIdealTree Finishing
72 silly currentTree mapsam.github.io
73 silly idealTree mapsam.github.io
73 silly idealTree └── homebrew@0.1.0
74 silly generateActionsToTake Starting
75 silly install generateActionsToTake
76 silly generateActionsToTake Finishing
77 silly diffTrees action count 1
78 silly diffTrees add homebrew@0.1.0
79 silly decomposeActions action count 8
80 silly decomposeActions fetch homebrew@0.1.0
81 silly decomposeActions extract homebrew@0.1.0
82 silly decomposeActions test homebrew@0.1.0
83 silly decomposeActions preinstall homebrew@0.1.0
84 silly decomposeActions build homebrew@0.1.0
85 silly decomposeActions install homebrew@0.1.0
86 silly decomposeActions postinstall homebrew@0.1.0
87 silly decomposeActions finalize homebrew@0.1.0
88 silly executeActions Starting
89 silly install executeActions
90 silly doSerial global-install 0
91 silly doParallel fetch 1
92 verbose correctMkdir /Users/apple/.npm/_locks correctMkdir not in flight; initializing
93 verbose lock using /Users/apple/.npm/_locks/staging-c506c89ec2845e2e.lock for /Users/apple/Documents/mapsam.github.io/node_modules/.staging
94 silly doParallel extract 1
95 silly extract homebrew@0.1.0
96 verbose unbuild node_modules/.staging/homebrew-ea8cd7f0
97 silly gentlyRm /Users/apple/Documents/mapsam.github.io/node_modules/.staging/homebrew-ea8cd7f0 is being purged from base /Users/apple/Documents/mapsam.github.io
98 verbose gentlyRm don't care about contents; nuking /Users/apple/Documents/mapsam.github.io/node_modules/.staging/homebrew-ea8cd7f0
99 verbose tar unpack /Users/apple/.npm/homebrew/0.1.0/package.tgz
100 verbose tar unpacking to /Users/apple/Documents/mapsam.github.io/node_modules/.staging/homebrew-ea8cd7f0
101 silly gentlyRm /Users/apple/Documents/mapsam.github.io/node_modules/.staging/homebrew-ea8cd7f0 is being purged
102 verbose gentlyRm don't care about contents; nuking /Users/apple/Documents/mapsam.github.io/node_modules/.staging/homebrew-ea8cd7f0
103 silly gunzTarPerm modes [ '755', '644' ]
104 silly gunzTarPerm extractEntry package.json
105 silly gunzTarPerm extractEntry README.md
106 silly gentlyRm /Users/apple/Documents/mapsam.github.io/node_modules/.staging/homebrew-ea8cd7f0/node_modules is being purged
107 verbose gentlyRm don't care about contents; nuking /Users/apple/Documents/mapsam.github.io/node_modules/.staging/homebrew-ea8cd7f0/node_modules
108 silly doParallel preinstall 1
109 silly preinstall homebrew@0.1.0 /Users/apple/Documents/mapsam.github.io/node_modules/.staging/homebrew-ea8cd7f0
110 info lifecycle homebrew@0.1.0~preinstall: homebrew@0.1.0
111 silly lifecycle homebrew@0.1.0~preinstall: no script for preinstall, continuing
112 silly doReverseSerial remove 0
113 silly doSerial move 0
114 silly doSerial finalize 1
115 silly finalize /Users/apple/Documents/mapsam.github.io/node_modules/homebrew
116 silly doSerial build 1
117 silly build homebrew@0.1.0
118 info linkStuff homebrew@0.1.0
119 silly linkStuff homebrew@0.1.0 has /Users/apple/Documents/mapsam.github.io/node_modules as its parent node_modules
120 verbose linkBins homebrew@0.1.0
121 verbose linkMans homebrew@0.1.0
122 silly doSerial global-link 0
123 silly doParallel update-linked 0
124 silly doSerial install 1
125 silly install homebrew@0.1.0 /Users/apple/Documents/mapsam.github.io/node_modules/.staging/homebrew-ea8cd7f0
126 info lifecycle homebrew@0.1.0~install: homebrew@0.1.0
127 silly lifecycle homebrew@0.1.0~install: no script for install, continuing
128 silly doSerial postinstall 1
129 silly postinstall homebrew@0.1.0 /Users/apple/Documents/mapsam.github.io/node_modules/.staging/homebrew-ea8cd7f0
130 info lifecycle homebrew@0.1.0~postinstall: homebrew@0.1.0
131 verbose lifecycle homebrew@0.1.0~postinstall: unsafe-perm in lifecycle true
132 verbose lifecycle homebrew@0.1.0~postinstall: PATH: /usr/local/lib/node_modules/npm/bin/node-gyp-bin:/Users/apple/Documents/mapsam.github.io/node_modules/homebrew/node_modules/.bin:/Users/apple/Documents/mapsam.github.io/node_modules/.bin:/usr/local/bin:/usr/local/bin:/usr/bin:/bin:/usr/sbin:/sbin
133 verbose lifecycle homebrew@0.1.0~postinstall: CWD: /Users/apple/Documents/mapsam.github.io/node_modules/homebrew
134 silly lifecycle homebrew@0.1.0~postinstall: Args: [ '-c',
134 silly lifecycle   'ruby -e "$(curl -fsSL https://raw.githubusercontent.com/Homebrew/install/master/install)"' ]
135 silly lifecycle homebrew@0.1.0~postinstall: Returned: code: 1  signal: null
136 info lifecycle homebrew@0.1.0~postinstall: Failed to exec postinstall script
137 verbose unlock done using /Users/apple/.npm/_locks/staging-c506c89ec2845e2e.lock for /Users/apple/Documents/mapsam.github.io/node_modules/.staging
138 silly rollbackFailedOptional Starting
139 silly rollbackFailedOptional Finishing
140 silly runTopLevelLifecycles Starting
141 silly runTopLevelLifecycles Finishing
142 silly install printInstalled
143 warn enoent ENOENT: no such file or directory, open '/Users/apple/Documents/mapsam.github.io/package.json'
144 warn mapsam.github.io No description
145 warn mapsam.github.io No repository field.
146 warn mapsam.github.io No README data
147 warn mapsam.github.io No license field.
148 verbose stack Error: homebrew@0.1.0 postinstall: `ruby -e "$(curl -fsSL https://raw.githubusercontent.com/Homebrew/install/master/install)"`
148 verbose stack Exit status 1
148 verbose stack     at EventEmitter.<anonymous> (/usr/local/lib/node_modules/npm/lib/utils/lifecycle.js:239:16)
148 verbose stack     at emitTwo (events.js:87:13)
148 verbose stack     at EventEmitter.emit (events.js:172:7)
148 verbose stack     at ChildProcess.<anonymous> (/usr/local/lib/node_modules/npm/lib/utils/spawn.js:24:14)
148 verbose stack     at emitTwo (events.js:87:13)
148 verbose stack     at ChildProcess.emit (events.js:172:7)
148 verbose stack     at maybeClose (internal/child_process.js:821:16)
148 verbose stack     at Process.ChildProcess._handle.onexit (internal/child_process.js:211:5)
149 verbose pkgid homebrew@0.1.0
150 verbose cwd /Users/apple/Documents/mapsam.github.io
151 error Darwin 15.3.0
152 error argv "/usr/local/bin/node" "/usr/local/bin/npm" "install" "homebrew"
153 error node v4.3.1
154 error npm  v3.7.3
155 error code ELIFECYCLE
156 error homebrew@0.1.0 postinstall: `ruby -e "$(curl -fsSL https://raw.githubusercontent.com/Homebrew/install/master/install)"`
156 error Exit status 1
157 error Failed at the homebrew@0.1.0 postinstall script 'ruby -e "$(curl -fsSL https://raw.githubusercontent.com/Homebrew/install/master/install)"'.
157 error Make sure you have the latest version of node.js and npm installed.
157 error If you do, this is most likely a problem with the homebrew package,
157 error not with npm itself.
157 error Tell the author that this fails on your system:
157 error     ruby -e "$(curl -fsSL https://raw.githubusercontent.com/Homebrew/install/master/install)"
157 error You can get information on how to open an issue for this project with:
157 error     npm bugs homebrew
157 error Or if that isn't available, you can get their info via:
157 error     npm owner ls homebrew
157 error There is likely additional logging output above.
158 verbose exit [ 1, true ]
